<?xml version="1.0" encoding="utf-8"?><testsuites name="pytest tests"><testsuite name="pytest" errors="0" failures="1" skipped="0" tests="58" time="9.389" timestamp="2026-04-21T20:55:00.894654+00:00" hostname="agent-env-d87f0389-dac8-478a-8769-e3f9b7c82956"><testcase classname="backend.tests.test_artwork_cache" name="test_cache_returns_valid_jpeg[art_mona_lisa]" time="0.357" /><testcase classname="backend.tests.test_artwork_cache" name="test_cache_returns_valid_jpeg[art_starry_night]" time="0.160" /><testcase classname="backend.tests.test_artwork_cache" name="test_cache_returns_valid_jpeg[art_girl_pearl]" time="0.175" /><testcase classname="backend.tests.test_artwork_cache" name="test_cache_returns_valid_jpeg[art_persistence]" time="0.176" /><testcase classname="backend.tests.test_artwork_cache" name="test_cache_returns_valid_jpeg[art_birth_venus]" time="0.173" /><testcase classname="backend.tests.test_artwork_cache" name="test_cache_returns_valid_jpeg[art_last_supper]" time="0.137" /><testcase classname="backend.tests.test_artwork_cache" name="test_cache_returns_valid_jpeg[art_guernica]" time="0.155" /><testcase classname="backend.tests.test_artwork_cache" name="test_cache_returns_valid_jpeg[art_scream]" time="0.205" /><testcase classname="backend.tests.test_artwork_cache" name="test_cache_returns_valid_jpeg[art_water_lilies]" time="0.204" /><testcase classname="backend.tests.test_artwork_cache" name="test_cache_returns_valid_jpeg[art_night_watch]" time="0.173" /><testcase classname="backend.tests.test_artwork_cache" name="test_cache_returns_valid_jpeg[art_american_gothic]" time="0.156" /><testcase classname="backend.tests.test_artwork_cache" name="test_cache_returns_valid_jpeg[art_the_kiss]" time="0.151" /><testcase classname="backend.tests.test_artwork_cache" name="test_cache_returns_valid_jpeg[art_las_meninas]" time="0.196" /><testcase classname="backend.tests.test_artwork_cache" name="test_cache_returns_valid_jpeg[art_great_wave]" time="0.176" /><testcase classname="backend.tests.test_artwork_cache" name="test_cache_returns_valid_jpeg[art_grande_jatte]" time="0.146" /><testcase classname="backend.tests.test_artwork_cache" name="test_cache_returns_valid_jpeg[art_creation_adam]" time="0.138" /><testcase classname="backend.tests.test_artwork_cache" name="test_cache_returns_valid_jpeg[art_impression_sunrise]" time="0.168" /><testcase classname="backend.tests.test_artwork_cache" name="test_cache_returns_valid_jpeg[art_cafe_terrace]" time="0.164" /><testcase classname="backend.tests.test_artwork_cache" name="test_cache_returns_valid_jpeg[art_arnolfini]" time="0.152" /><testcase classname="backend.tests.test_artwork_cache" name="test_cache_returns_valid_jpeg[art_nighthawks]" time="0.125" /><testcase classname="backend.tests.test_artwork_cache" name="test_cache_returns_valid_jpeg[art_campbell_soup]" time="0.142" /><testcase classname="backend.tests.test_artwork_cache" name="test_cache_returns_valid_jpeg[art_marilyn_diptych]" time="0.147" /><testcase classname="backend.tests.test_artwork_cache" name="test_cache_returns_valid_jpeg[art_drowning_girl]" time="0.155" /><testcase classname="backend.tests.test_artwork_cache" name="test_cache_returns_valid_jpeg[art_no_5_1948]" time="0.174" /><testcase classname="backend.tests.test_artwork_cache" name="test_cache_returns_valid_jpeg[art_rothko_orange]" time="0.121" /><testcase classname="backend.tests.test_artwork_cache" name="test_cache_returns_valid_jpeg[art_balloon_dog]" time="0.142" /><testcase classname="backend.tests.test_artwork_cache" name="test_cache_returns_valid_jpeg[art_girl_balloon]" time="0.143" /><testcase classname="backend.tests.test_artwork_cache" name="test_cache_returns_valid_jpeg[art_physical_impossibility]" time="0.187" /><testcase classname="backend.tests.test_artwork_cache" name="test_cache_returns_valid_jpeg[art_warhol_marilyn]" time="0.155" /><testcase classname="backend.tests.test_artwork_cache" name="test_cache_returns_valid_jpeg[art_basquiat_skull]" time="0.187" /><testcase classname="backend.tests.test_artwork_cache" name="test_cache_returns_valid_jpeg[art_hockney_splash]" time="0.148" /><testcase classname="backend.tests.test_artwork_cache" name="test_cache_returns_valid_jpeg[art_kusama_infinity]" time="0.125" /><testcase classname="backend.tests.test_artwork_cache" name="test_cache_returns_valid_jpeg[art_kaws_companion]" time="0.137" /><testcase classname="backend.tests.test_artwork_cache" name="test_cache_returns_valid_jpeg[art_ai_weiwei_seeds]" time="0.191" /><testcase classname="backend.tests.test_artwork_cache" name="test_cache_returns_valid_jpeg[art_richter_abstract]" time="0.158" /><testcase classname="backend.tests.test_artwork_cache" name="test_cache_returns_valid_jpeg[art_bacon_triptych]" time="0.144" /><testcase classname="backend.tests.test_artwork_cache" name="test_cache_returns_valid_jpeg[art_bourgeois_spider]" time="0.137" /><testcase classname="backend.tests.test_artwork_cache" name="test_cache_returns_valid_jpeg[art_kapoor_bean]" time="0.137" /><testcase classname="backend.tests.test_artwork_cache" name="test_cache_returns_valid_jpeg[art_wanderer_sea_fog]" time="0.221" /><testcase classname="backend.tests.test_artwork_cache" name="test_cache_returns_valid_jpeg[art_olympia]" time="0.171" /><testcase classname="backend.tests.test_artwork_cache" name="test_cache_returns_valid_jpeg[art_liberty_leading]" time="0.147" /><testcase classname="backend.tests.test_artwork_cache" name="test_cache_returns_valid_jpeg[art_girl_earring_vermeer]" time="0.128" /><testcase classname="backend.tests.test_artwork_cache" name="test_cache_returns_valid_jpeg[art_school_athens]" time="0.156" /><testcase classname="backend.tests.test_artwork_cache" name="test_cache_returns_valid_jpeg[art_garden_delights]" time="0.154" /><testcase classname="backend.tests.test_artwork_cache" name="test_cache_returns_valid_jpeg[art_whistlers_mother]" time="0.150" /><testcase classname="backend.tests.test_artwork_cache" name="test_cache_returns_valid_jpeg[art_david_michelangelo]" time="0.150" /><testcase classname="backend.tests.test_artwork_cache" name="test_cache_returns_valid_jpeg[art_nighthawks_hopper]" time="0.130" /><testcase classname="backend.tests.test_artwork_cache" name="test_cache_returns_valid_jpeg[art_the_thinker]" time="0.160" /><testcase classname="backend.tests.test_artwork_cache" name="test_cache_returns_valid_jpeg[art_son_of_man]" time="0.141" /><testcase classname="backend.tests.test_artwork_cache" name="test_cache_returns_valid_jpeg[art_venus_de_milo]" time="0.152" /><testcase classname="backend.tests.test_artwork_cache" name="test_cache_invalid_id_returns_400" time="0.113" /><testcase classname="backend.tests.test_artwork_cache" name="test_cache_missing_id_returns_404" time="0.167" /><testcase classname="backend.tests.test_artwork_cache" name="test_cache_control_header_mona_lisa" time="0.188"><failure message="AssertionError: got: no-store, no-cache, must-revalidate&#10;assert ('public' in 'no-store, no-cache, must-revalidate')">backend/tests/test_artwork_cache.py:56: in test_cache_control_header_mona_lisa
    assert "public" in cc and "max-age=31536000" in cc and "immutable" in cc, f"got: {cc}"
E   AssertionError: got: no-store, no-cache, must-revalidate
E   assert ('public' in 'no-store, no-cache, must-revalidate')</failure></testcase><testcase classname="backend.tests.test_artwork_cache" name="test_artworks_list_uses_local_cache_urls" time="0.267" /><testcase classname="backend.tests.test_artwork_cache" name="test_auth_me_with_bearer" time="0.117" /><testcase classname="backend.tests.test_artwork_cache" name="test_payments_tiers" time="0.118" /><testcase classname="backend.tests.test_artwork_cache" name="test_restoration_scans_with_bearer" time="0.114" /><testcase classname="backend.tests.test_artwork_cache" name="test_artwork_periods" time="0.131" /></testsuite></testsuites>