<?xml version="1.0" encoding="utf-8"?><testsuites name="pytest tests"><testsuite name="pytest" errors="0" failures="0" skipped="0" tests="23" time="3.367" timestamp="2026-03-26T13:24:46.963394+00:00" hostname="agent-env-d87f0389-dac8-478a-8769-e3f9b7c82956"><testcase classname="backend.tests.test_p1_features.TestArtworksEndpoint" name="test_artworks_returns_list" time="0.254" /><testcase classname="backend.tests.test_p1_features.TestArtworksEndpoint" name="test_artworks_count_at_least_49" time="0.126" /><testcase classname="backend.tests.test_p1_features.TestArtworksEndpoint" name="test_artwork_has_required_fields" time="0.154" /><testcase classname="backend.tests.test_p1_features.TestReviewsEndpoint" name="test_get_story_reviews" time="0.142" /><testcase classname="backend.tests.test_p1_features.TestReviewsEndpoint" name="test_get_artwork_reviews" time="0.106" /><testcase classname="backend.tests.test_p1_features.TestReviewsEndpoint" name="test_post_review_requires_auth" time="0.116" /><testcase classname="backend.tests.test_p1_features.TestReviewsEndpoint" name="test_helpful_vote_requires_auth" time="0.105" /><testcase classname="backend.tests.test_p1_features.TestSharingEndpoint" name="test_create_artwork_share_link" time="0.104" /><testcase classname="backend.tests.test_p1_features.TestSharingEndpoint" name="test_create_story_share_link" time="0.097" /><testcase classname="backend.tests.test_p1_features.TestSharingEndpoint" name="test_share_link_different_platforms" time="0.478" /><testcase classname="backend.tests.test_p1_features.TestSharingEndpoint" name="test_track_share_view" time="0.209" /><testcase classname="backend.tests.test_p1_features.TestNotificationsEndpoint" name="test_get_notifications_requires_auth" time="0.100" /><testcase classname="backend.tests.test_p1_features.TestNotificationsEndpoint" name="test_mark_notification_read_requires_auth" time="0.112" /><testcase classname="backend.tests.test_p1_features.TestNotificationsEndpoint" name="test_mark_all_read_requires_auth" time="0.104" /><testcase classname="backend.tests.test_p1_features.TestOrganizationsEndpoint" name="test_list_organizations_requires_auth" time="0.180" /><testcase classname="backend.tests.test_p1_features.TestOrganizationsEndpoint" name="test_create_organization_requires_auth" time="0.106" /><testcase classname="backend.tests.test_p1_features.TestOrganizationsEndpoint" name="test_get_organization_requires_auth" time="0.138" /><testcase classname="backend.tests.test_p1_features.TestOrganizationsEndpoint" name="test_delete_organization_requires_auth" time="0.110" /><testcase classname="backend.tests.test_p1_features.TestStoriesEndpoint" name="test_stories_returns_list" time="0.112" /><testcase classname="backend.tests.test_p1_features.TestStoriesEndpoint" name="test_story_has_required_fields" time="0.123" /><testcase classname="backend.tests.test_p1_features.TestAdminEndpoints" name="test_get_admin_roles_requires_auth" time="0.099" /><testcase classname="backend.tests.test_p1_features.TestAdminEndpoints" name="test_assign_role_requires_auth" time="0.094" /><testcase classname="backend.tests.test_p1_features.TestAdminEndpoints" name="test_list_admins_requires_auth" time="0.119" /></testsuite></testsuites>