<?xml version="1.0" encoding="utf-8"?><testsuites name="pytest tests"><testsuite name="pytest" errors="0" failures="0" skipped="0" tests="11" time="1.685" timestamp="2026-03-25T09:37:18.718191+00:00" hostname="agent-env-d87f0389-dac8-478a-8769-e3f9b7c82956"><testcase classname="backend.tests.test_new_features.TestForensicVisualization" name="test_generate_visualization_requires_auth" time="0.147" /><testcase classname="backend.tests.test_new_features.TestForensicVisualization" name="test_get_visualizations_requires_auth" time="0.113" /><testcase classname="backend.tests.test_new_features.TestForensicVisualization" name="test_forensic_image_endpoint_exists" time="0.100" /><testcase classname="backend.tests.test_new_features.TestArtworksWithForensicData" name="test_artworks_have_forensic_data" time="0.113" /><testcase classname="backend.tests.test_new_features.TestArtworksWithForensicData" name="test_mona_lisa_has_complete_forensic_data" time="0.149" /><testcase classname="backend.tests.test_new_features.TestForensicsReportEndpoint" name="test_forensics_report_requires_auth" time="0.103" /><testcase classname="backend.tests.test_new_features.TestForensicsReportEndpoint" name="test_forensics_analyze_requires_auth" time="0.133" /><testcase classname="backend.tests.test_new_features.TestAPIHealth" name="test_api_root" time="0.107" /><testcase classname="backend.tests.test_new_features.TestAPIHealth" name="test_artworks_endpoint" time="0.106" /><testcase classname="backend.tests.test_new_features.TestAPIHealth" name="test_subscriptions_endpoint" time="0.100" /><testcase classname="backend.tests.test_new_features.TestVisualizationTypes" name="test_visualization_types_documented" time="0.448" /></testsuite></testsuites>