<?xml version="1.0" encoding="utf-8"?><testsuites name="pytest tests"><testsuite name="pytest" errors="0" failures="0" skipped="0" tests="35" time="4.001" timestamp="2026-03-25T09:17:59.345785+00:00" hostname="agent-env-d87f0389-dac8-478a-8769-e3f9b7c82956"><testcase classname="backend.tests.test_business_upgrades.TestRootAPI" name="test_api_root_returns_message" time="0.121" /><testcase classname="backend.tests.test_business_upgrades.TestArtworksAPI" name="test_artworks_list" time="0.099" /><testcase classname="backend.tests.test_business_upgrades.TestArtworksAPI" name="test_artworks_have_required_fields" time="0.101" /><testcase classname="backend.tests.test_business_upgrades.TestArtworksAPI" name="test_modern_art_periods_exist" time="0.101" /><testcase classname="backend.tests.test_business_upgrades.TestArtworksAPI" name="test_periods_endpoint_structure" time="0.148" /><testcase classname="backend.tests.test_business_upgrades.TestCampaignTemplates" name="test_templates_endpoint" time="0.160" /><testcase classname="backend.tests.test_business_upgrades.TestCampaignTemplates" name="test_templates_have_required_fields" time="0.098" /><testcase classname="backend.tests.test_business_upgrades.TestMuseumPartnerships" name="test_museum_partners_list" time="0.109" /><testcase classname="backend.tests.test_business_upgrades.TestMuseumPartnerships" name="test_museum_partners_have_required_fields" time="0.133" /><testcase classname="backend.tests.test_business_upgrades.TestMuseumPartnerships" name="test_known_museums_present" time="0.101" /><testcase classname="backend.tests.test_business_upgrades.TestAdminRolesPublic" name="test_admin_roles_requires_auth" time="0.103" /><testcase classname="backend.tests.test_business_upgrades.TestCampaignsAuth" name="test_campaigns_list_requires_auth" time="0.101" /><testcase classname="backend.tests.test_business_upgrades.TestAdvisoryPublicEndpoints" name="test_advisors_list" time="0.114" /><testcase classname="backend.tests.test_business_upgrades.TestMetMuseumIntegration" name="test_met_departments" time="0.275" /><testcase classname="backend.tests.test_business_upgrades.TestCollectorsAdvisoryTier" name="test_subscriptions_include_advisory" time="0.095" /><testcase classname="backend.tests.test_business_upgrades.TestModernArtworks" name="test_has_modern_art_pieces" time="0.100" /><testcase classname="backend.tests.test_p0_features.TestSubscriptionsAPI" name="test_subscriptions_returns_5_tiers" time="0.102" /><testcase classname="backend.tests.test_p0_features.TestSubscriptionsAPI" name="test_subscriptions_tier_ids" time="0.102" /><testcase classname="backend.tests.test_p0_features.TestSubscriptionsAPI" name="test_collectors_advisory_tier_details" time="0.096" /><testcase classname="backend.tests.test_p0_features.TestSubscriptionTierEndpoint" name="test_connoisseur_tier_details" time="0.125" /><testcase classname="backend.tests.test_p0_features.TestSubscriptionTierEndpoint" name="test_invalid_tier_returns_404" time="0.113" /><testcase classname="backend.tests.test_p0_features.TestVRNarrativeAPI" name="test_vr_narrative_for_mona_lisa" time="0.098" /><testcase classname="backend.tests.test_p0_features.TestVRNarrativeAPI" name="test_vr_narrative_has_forensic_content" time="0.099" /><testcase classname="backend.tests.test_p0_features.TestVRNarrativeAPI" name="test_vr_narrative_invalid_artwork_returns_404" time="0.116" /><testcase classname="backend.tests.test_p0_features.TestForensicsReportAPI" name="test_forensics_report_requires_auth" time="0.102" /><testcase classname="backend.tests.test_p0_features.TestArtworksCount" name="test_artworks_count_is_38" time="0.102" /><testcase classname="backend.tests.test_p0_features.TestArtworksCount" name="test_artworks_have_diverse_periods" time="0.102" /><testcase classname="backend.tests.test_p0_features.TestArtworkPeriods" name="test_periods_include_modern_art" time="0.118" /><testcase classname="backend.tests.test_p0_features.TestArtworkPeriods" name="test_periods_include_street_art" time="0.094" /><testcase classname="backend.tests.test_p0_features.TestArtworkPeriods" name="test_periods_include_abstract_expressionism" time="0.101" /><testcase classname="backend.tests.test_p0_features.TestAdminRolesAPI" name="test_admin_roles_requires_auth" time="0.092" /><testcase classname="backend.tests.test_p0_features.TestCampaignTemplates" name="test_templates_returns_4_templates" time="0.098" /><testcase classname="backend.tests.test_p0_features.TestMuseumPartnersAPI" name="test_museums_returns_5_partners" time="0.106" /><testcase classname="backend.tests.test_p0_features.TestMuseumPartnersAPI" name="test_museums_include_major_institutions" time="0.108" /><testcase classname="backend.tests.test_p0_features.TestPaymentTiers" name="test_payment_tiers_endpoint" time="0.100" /></testsuite></testsuites>