<?xml version="1.0" encoding="utf-8"?><testsuites name="pytest tests"><testsuite name="pytest" errors="0" failures="1" skipped="0" tests="16" time="2.585" timestamp="2026-02-16T13:47:07.650616+00:00" hostname="agent-env-d87f0389-dac8-478a-8769-e3f9b7c82956"><testcase classname="backend.tests.test_business_upgrades.TestRootAPI" name="test_api_root_returns_message" time="0.158" /><testcase classname="backend.tests.test_business_upgrades.TestArtworksAPI" name="test_artworks_list" time="0.125" /><testcase classname="backend.tests.test_business_upgrades.TestArtworksAPI" name="test_artworks_have_required_fields" time="0.233" /><testcase classname="backend.tests.test_business_upgrades.TestArtworksAPI" name="test_modern_art_periods_exist" time="0.188" /><testcase classname="backend.tests.test_business_upgrades.TestArtworksAPI" name="test_periods_endpoint_structure" time="0.100" /><testcase classname="backend.tests.test_business_upgrades.TestCampaignTemplates" name="test_templates_endpoint" time="0.177" /><testcase classname="backend.tests.test_business_upgrades.TestCampaignTemplates" name="test_templates_have_required_fields" time="0.163" /><testcase classname="backend.tests.test_business_upgrades.TestMuseumPartnerships" name="test_museum_partners_list" time="0.137" /><testcase classname="backend.tests.test_business_upgrades.TestMuseumPartnerships" name="test_museum_partners_have_required_fields" time="0.117" /><testcase classname="backend.tests.test_business_upgrades.TestMuseumPartnerships" name="test_known_museums_present" time="0.140" /><testcase classname="backend.tests.test_business_upgrades.TestAdminRolesPublic" name="test_admin_roles_requires_auth" time="0.132" /><testcase classname="backend.tests.test_business_upgrades.TestCampaignsAuth" name="test_campaigns_list_requires_auth" time="0.106" /><testcase classname="backend.tests.test_business_upgrades.TestAdvisoryPublicEndpoints" name="test_advisors_list" time="0.111" /><testcase classname="backend.tests.test_business_upgrades.TestMetMuseumIntegration" name="test_met_departments" time="0.320" /><testcase classname="backend.tests.test_business_upgrades.TestCollectorsAdvisoryTier" name="test_subscriptions_include_advisory" time="0.167"><failure message="assert 404 == 200&#10; +  where 404 = &lt;Response [404]&gt;.status_code">backend/tests/test_business_upgrades.py:244: in test_subscriptions_include_advisory
    assert response.status_code == 200
E   assert 404 == 200
E    +  where 404 = &lt;Response [404]&gt;.status_code</failure></testcase><testcase classname="backend.tests.test_business_upgrades.TestModernArtworks" name="test_has_modern_art_pieces" time="0.123" /></testsuite></testsuites>