<?xml version="1.0" encoding="utf-8"?><testsuites name="pytest tests"><testsuite name="pytest" errors="0" failures="0" skipped="0" tests="20" time="47.089" timestamp="2026-04-22T10:58:56.142551+00:00" hostname="agent-env-d87f0389-dac8-478a-8769-e3f9b7c82956"><testcase classname="backend.tests.test_architects.TestTiers" name="test_tiers_returns_200_with_3" time="0.255" /><testcase classname="backend.tests.test_architects.TestProjects" name="test_create_project_requires_auth" time="0.129" /><testcase classname="backend.tests.test_architects.TestProjects" name="test_create_project_empty_name_400" time="0.126" /><testcase classname="backend.tests.test_architects.TestProjects" name="test_create_project_success" time="0.108" /><testcase classname="backend.tests.test_architects.TestProjects" name="test_list_projects" time="0.109" /><testcase classname="backend.tests.test_architects.TestProjects" name="test_get_project_by_id" time="0.112" /><testcase classname="backend.tests.test_architects.TestProjects" name="test_get_project_unknown_404" time="0.114" /><testcase classname="backend.tests.test_architects.TestInspections" name="test_upload_bad_extension_400" time="0.212" /><testcase classname="backend.tests.test_architects.TestInspections" name="test_upload_unknown_project_404" time="0.181" /><testcase classname="backend.tests.test_architects.TestInspections" name="test_upload_success" time="0.347" /><testcase classname="backend.tests.test_architects.TestInspections" name="test_list_inspections" time="0.326" /><testcase classname="backend.tests.test_architects.TestInspections" name="test_get_inspection_detail" time="0.115" /><testcase classname="backend.tests.test_architects.TestInspections" name="test_stream_video" time="0.137" /><testcase classname="backend.tests.test_architects.TestInspections" name="test_keyframe_jpeg" time="0.121" /><testcase classname="backend.tests.test_architects.TestInspections" name="test_keyframe_invalid_idx_404" time="0.125" /><testcase classname="backend.tests.test_architects.TestInspections" name="test_analyze_with_gemini" time="43.685" /><testcase classname="backend.tests.test_architects.TestInspections" name="test_delete_inspection_and_cleanup" time="0.324" /><testcase classname="backend.tests.test_architects.TestRegression" name="test_auth_me" time="0.113" /><testcase classname="backend.tests.test_architects.TestRegression" name="test_restoration_scans" time="0.108" /><testcase classname="backend.tests.test_architects.TestRegression" name="test_artworks_cache_mona_lisa" time="0.145" /></testsuite></testsuites>