<?xml version="1.0" encoding="utf-8"?><testsuites name="pytest tests"><testsuite name="pytest" errors="0" failures="0" skipped="0" tests="19" time="33.446" timestamp="2026-04-21T11:42:15.517220+00:00" hostname="agent-env-d87f0389-dac8-478a-8769-e3f9b7c82956"><testcase classname="backend.tests.test_restoration.TestAuthProtection" name="test_upload_scan_requires_auth" time="0.251" /><testcase classname="backend.tests.test_restoration.TestAuthProtection" name="test_scans_list_requires_auth" time="0.103" /><testcase classname="backend.tests.test_restoration.TestAuthProtection" name="test_condition_report_requires_auth" time="0.114" /><testcase classname="backend.tests.test_restoration.TestAuthProtection" name="test_condition_reports_list_requires_auth" time="0.173" /><testcase classname="backend.tests.test_restoration.TestAuthProtection" name="test_simulate_restoration_requires_auth" time="0.150" /><testcase classname="backend.tests.test_restoration.TestAuthProtection" name="test_simulations_list_requires_auth" time="0.103" /><testcase classname="backend.tests.test_restoration.TestSeededUser" name="test_me_returns_collectors_advisory" time="0.223" /><testcase classname="backend.tests.test_restoration.TestPricingTiers" name="test_tiers_endpoint_returns_200" time="0.104" /><testcase classname="backend.tests.test_restoration.TestPricingTiers" name="test_pro_collector_price_increased" time="0.105" /><testcase classname="backend.tests.test_restoration.TestPricingTiers" name="test_collectors_advisory_price_increased" time="0.119" /><testcase classname="backend.tests.test_restoration.TestScans" name="test_list_scans_includes_uploaded" time="0.387" /><testcase classname="backend.tests.test_restoration.TestScans" name="test_get_scan_returns_image_bytes" time="0.127" /><testcase classname="backend.tests.test_restoration.TestScans" name="test_get_scan_404_for_unknown" time="0.117" /><testcase classname="backend.tests.test_restoration.TestConditionReport" name="test_condition_report_generated" time="7.178" /><testcase classname="backend.tests.test_restoration.TestConditionReport" name="test_condition_report_fetch_by_id" time="0.129" /><testcase classname="backend.tests.test_restoration.TestConditionReport" name="test_condition_reports_list" time="0.116" /><testcase classname="backend.tests.test_restoration.TestSimulateRestoration" name="test_simulate_restoration_full" time="23.490" /><testcase classname="backend.tests.test_restoration.TestSimulateRestoration" name="test_simulations_list" time="0.161" /><testcase classname="backend.tests.test_restoration.TestSimulateRestoration" name="test_simulation_get_by_id" time="0.213" /></testsuite></testsuites>